<?xml version="1.0" encoding="UTF-8"?>
<!-- Generated by org.testng.reporters.JUnitXMLReporter -->
<testsuite hostname="DESKTOP-R9NC35U" ignored="0" name="BankingApp Test" tests="2" failures="0" timestamp="2021-05-17T15:20:41 IST" time="31.711" errors="0">
  <testcase name="loginTest" time="1.823" classname="com.inetbanking.testCases.TC_LoginTest_001"/>
  <testcase name="addNewCustomer" time="17.166" classname="com.inetbanking.testCases.TC_AddCustomerTest_003"/>
</testsuite> <!-- BankingApp Test -->
