<?xml version="1.0" encoding="UTF-8"?>
<testng-results skipped="0" failed="0" ignored="0" total="2" passed="2">
  <reporter-output>
  </reporter-output>
  <suite name="InetBankingV1" duration-ms="31711" started-at="2021-05-17T15:20:10 IST" finished-at="2021-05-17T15:20:41 IST">
    <groups>
    </groups>
    <test name="BankingApp Test" duration-ms="31711" started-at="2021-05-17T15:20:10 IST" finished-at="2021-05-17T15:20:41 IST">
      <class name="com.inetbanking.testCases.TC_LoginTest_001">
        <test-method status="PASS" signature="setup(java.lang.String)[pri:0, instance:com.inetbanking.testCases.TC_LoginTest_001@7e0b0338]" name="setup" is-config="true" duration-ms="5933" started-at="2021-05-17T15:20:10 IST" finished-at="2021-05-17T15:20:16 IST">
          <params>
            <param index="0">
              <value>
                <![CDATA[chrome]]>
              </value>
            </param>
          </params>
          <reporter-output>
          </reporter-output>
        </test-method> <!-- setup -->
        <test-method status="PASS" signature="loginTest()[pri:0, instance:com.inetbanking.testCases.TC_LoginTest_001@7e0b0338]" name="loginTest" duration-ms="1823" started-at="2021-05-17T15:20:16 IST" finished-at="2021-05-17T15:20:17 IST">
          <reporter-output>
          </reporter-output>
        </test-method> <!-- loginTest -->
        <test-method status="PASS" signature="tearDown()[pri:0, instance:com.inetbanking.testCases.TC_LoginTest_001@7e0b0338]" name="tearDown" is-config="true" duration-ms="766" started-at="2021-05-17T15:20:17 IST" finished-at="2021-05-17T15:20:18 IST">
          <reporter-output>
          </reporter-output>
        </test-method> <!-- tearDown -->
      </class> <!-- com.inetbanking.testCases.TC_LoginTest_001 -->
      <class name="com.inetbanking.testCases.TC_AddCustomerTest_003">
        <test-method status="PASS" signature="setup(java.lang.String)[pri:0, instance:com.inetbanking.testCases.TC_AddCustomerTest_003@544fe44c]" name="setup" is-config="true" duration-ms="4991" started-at="2021-05-17T15:20:18 IST" finished-at="2021-05-17T15:20:23 IST">
          <params>
            <param index="0">
              <value>
                <![CDATA[chrome]]>
              </value>
            </param>
          </params>
          <reporter-output>
          </reporter-output>
        </test-method> <!-- setup -->
        <test-method status="PASS" signature="addNewCustomer()[pri:0, instance:com.inetbanking.testCases.TC_AddCustomerTest_003@544fe44c]" name="addNewCustomer" duration-ms="17166" started-at="2021-05-17T15:20:23 IST" finished-at="2021-05-17T15:20:40 IST">
          <reporter-output>
          </reporter-output>
        </test-method> <!-- addNewCustomer -->
        <test-method status="PASS" signature="tearDown()[pri:0, instance:com.inetbanking.testCases.TC_AddCustomerTest_003@544fe44c]" name="tearDown" is-config="true" duration-ms="850" started-at="2021-05-17T15:20:40 IST" finished-at="2021-05-17T15:20:41 IST">
          <reporter-output>
          </reporter-output>
        </test-method> <!-- tearDown -->
      </class> <!-- com.inetbanking.testCases.TC_AddCustomerTest_003 -->
    </test> <!-- BankingApp Test -->
  </suite> <!-- InetBankingV1 -->
</testng-results>
